<?xml version="1.0" encoding="UTF-8"?>
<!-- Generated by org.testng.reporters.JUnitXMLReporter -->
<testsuite hostname="MB-DAKS" name="Default test" tests="10" failures="0" timestamp="20 Jul 2016 11:00:43 GMT" time="148.759" errors="0">
  <testcase name="main" time="18.711" classname="testCases.DriverScript"/>
  <testcase name="main" time="7.708" classname="testCases.DriverScript"/>
  <testcase name="main" time="7.606" classname="testCases.DriverScript"/>
  <testcase name="main" time="7.466" classname="testCases.DriverScript"/>
  <testcase name="main" time="16.658" classname="testCases.DriverScript"/>
  <testcase name="main" time="5.567" classname="testCases.DriverScript"/>
  <testcase name="main" time="7.496" classname="testCases.DriverScript"/>
  <testcase name="main" time="6.117" classname="testCases.DriverScript"/>
  <testcase name="main" time="8.059" classname="testCases.DriverScript"/>
  <testcase name="main" time="5.16" classname="testCases.DriverScript"/>
</testsuite> <!-- Default test -->
