<?xml version="1.0" encoding="UTF-8"?>
<testng-results skipped="0" failed="2" total="10" passed="8">
  <reporter-output>
  </reporter-output>
  <suite name="Default suite" duration-ms="228529" started-at="2016-07-19T11:50:42Z" finished-at="2016-07-19T11:54:30Z">
    <groups>
    </groups>
    <test name="Default test" duration-ms="228529" started-at="2016-07-19T11:50:42Z" finished-at="2016-07-19T11:54:30Z">
      <class name="testCases.DriverScript">
        <test-method status="PASS" signature="createResultSheet()[pri:0, instance:testCases.DriverScript@5e5792a0]" name="createResultSheet" is-config="true" duration-ms="6508" started-at="2016-07-19T17:20:35Z" finished-at="2016-07-19T17:20:42Z">
          <reporter-output>
          </reporter-output>
        </test-method> <!-- createResultSheet -->
        <test-method status="PASS" signature="beforeScript()[pri:0, instance:testCases.DriverScript@5e5792a0]" name="beforeScript" is-config="true" duration-ms="40893" started-at="2016-07-19T17:20:42Z" finished-at="2016-07-19T17:21:23Z">
          <reporter-output>
          </reporter-output>
        </test-method> <!-- beforeScript -->
        <test-method status="PASS" signature="main()[pri:0, instance:testCases.DriverScript@5e5792a0]" name="main" duration-ms="32494" started-at="2016-07-19T17:21:23Z" finished-at="2016-07-19T17:21:55Z">
          <reporter-output>
          </reporter-output>
        </test-method> <!-- main -->
        <test-method status="PASS" signature="writeResults(org.testng.ITestResult)[pri:0, instance:testCases.DriverScript@5e5792a0]" name="writeResults" is-config="true" duration-ms="2" started-at="2016-07-19T17:21:55Z" finished-at="2016-07-19T17:21:55Z">
          <params>
            <param index="0">
              <value>
                <![CDATA[[TestResult name=main status=SUCCESS method=DriverScript.main()[pri:0, instance:testCases.DriverScript@5e5792a0] output={null}]]]>
              </value>
            </param>
          </params>
          <reporter-output>
          </reporter-output>
        </test-method> <!-- writeResults -->
        <test-method status="PASS" signature="beforeScript()[pri:0, instance:testCases.DriverScript@5e5792a0]" name="beforeScript" is-config="true" duration-ms="8250" started-at="2016-07-19T17:21:55Z" finished-at="2016-07-19T17:22:03Z">
          <reporter-output>
          </reporter-output>
        </test-method> <!-- beforeScript -->
        <test-method status="PASS" signature="main()[pri:0, instance:testCases.DriverScript@5e5792a0]" name="main" duration-ms="15224" started-at="2016-07-19T17:22:03Z" finished-at="2016-07-19T17:22:18Z">
          <reporter-output>
          </reporter-output>
        </test-method> <!-- main -->
        <test-method status="PASS" signature="writeResults(org.testng.ITestResult)[pri:0, instance:testCases.DriverScript@5e5792a0]" name="writeResults" is-config="true" duration-ms="0" started-at="2016-07-19T17:22:18Z" finished-at="2016-07-19T17:22:18Z">
          <params>
            <param index="0">
              <value>
                <![CDATA[[TestResult name=main status=SUCCESS method=DriverScript.main()[pri:0, instance:testCases.DriverScript@5e5792a0] output={null}]]]>
              </value>
            </param>
          </params>
          <reporter-output>
          </reporter-output>
        </test-method> <!-- writeResults -->
        <test-method status="PASS" signature="beforeScript()[pri:0, instance:testCases.DriverScript@5e5792a0]" name="beforeScript" is-config="true" duration-ms="11774" started-at="2016-07-19T17:22:18Z" finished-at="2016-07-19T17:22:30Z">
          <reporter-output>
          </reporter-output>
        </test-method> <!-- beforeScript -->
        <test-method status="PASS" signature="main()[pri:0, instance:testCases.DriverScript@5e5792a0]" name="main" duration-ms="13157" started-at="2016-07-19T17:22:30Z" finished-at="2016-07-19T17:22:43Z">
          <reporter-output>
          </reporter-output>
        </test-method> <!-- main -->
        <test-method status="PASS" signature="writeResults(org.testng.ITestResult)[pri:0, instance:testCases.DriverScript@5e5792a0]" name="writeResults" is-config="true" duration-ms="1" started-at="2016-07-19T17:22:43Z" finished-at="2016-07-19T17:22:43Z">
          <params>
            <param index="0">
              <value>
                <![CDATA[[TestResult name=main status=SUCCESS method=DriverScript.main()[pri:0, instance:testCases.DriverScript@5e5792a0] output={null}]]]>
              </value>
            </param>
          </params>
          <reporter-output>
          </reporter-output>
        </test-method> <!-- writeResults -->
        <test-method status="PASS" signature="beforeScript()[pri:0, instance:testCases.DriverScript@5e5792a0]" name="beforeScript" is-config="true" duration-ms="5587" started-at="2016-07-19T17:22:43Z" finished-at="2016-07-19T17:22:49Z">
          <reporter-output>
          </reporter-output>
        </test-method> <!-- beforeScript -->
        <test-method status="PASS" signature="main()[pri:0, instance:testCases.DriverScript@5e5792a0]" name="main" duration-ms="11211" started-at="2016-07-19T17:22:49Z" finished-at="2016-07-19T17:23:00Z">
          <reporter-output>
          </reporter-output>
        </test-method> <!-- main -->
        <test-method status="PASS" signature="writeResults(org.testng.ITestResult)[pri:0, instance:testCases.DriverScript@5e5792a0]" name="writeResults" is-config="true" duration-ms="0" started-at="2016-07-19T17:23:00Z" finished-at="2016-07-19T17:23:00Z">
          <params>
            <param index="0">
              <value>
                <![CDATA[[TestResult name=main status=SUCCESS method=DriverScript.main()[pri:0, instance:testCases.DriverScript@5e5792a0] output={null}]]]>
              </value>
            </param>
          </params>
          <reporter-output>
          </reporter-output>
        </test-method> <!-- writeResults -->
        <test-method status="PASS" signature="beforeScript()[pri:0, instance:testCases.DriverScript@5e5792a0]" name="beforeScript" is-config="true" duration-ms="4896" started-at="2016-07-19T17:23:00Z" finished-at="2016-07-19T17:23:05Z">
          <reporter-output>
          </reporter-output>
        </test-method> <!-- beforeScript -->
        <test-method status="PASS" signature="main()[pri:0, instance:testCases.DriverScript@5e5792a0]" name="main" duration-ms="11779" started-at="2016-07-19T17:23:05Z" finished-at="2016-07-19T17:23:17Z">
          <reporter-output>
          </reporter-output>
        </test-method> <!-- main -->
        <test-method status="PASS" signature="writeResults(org.testng.ITestResult)[pri:0, instance:testCases.DriverScript@5e5792a0]" name="writeResults" is-config="true" duration-ms="1" started-at="2016-07-19T17:23:17Z" finished-at="2016-07-19T17:23:17Z">
          <params>
            <param index="0">
              <value>
                <![CDATA[[TestResult name=main status=SUCCESS method=DriverScript.main()[pri:0, instance:testCases.DriverScript@5e5792a0] output={null}]]]>
              </value>
            </param>
          </params>
          <reporter-output>
          </reporter-output>
        </test-method> <!-- writeResults -->
        <test-method status="PASS" signature="beforeScript()[pri:0, instance:testCases.DriverScript@5e5792a0]" name="beforeScript" is-config="true" duration-ms="4996" started-at="2016-07-19T17:23:17Z" finished-at="2016-07-19T17:23:22Z">
          <reporter-output>
          </reporter-output>
        </test-method> <!-- beforeScript -->
        <test-method status="PASS" signature="main()[pri:0, instance:testCases.DriverScript@5e5792a0]" name="main" duration-ms="5730" started-at="2016-07-19T17:23:22Z" finished-at="2016-07-19T17:23:28Z">
          <reporter-output>
          </reporter-output>
        </test-method> <!-- main -->
        <test-method status="PASS" signature="writeResults(org.testng.ITestResult)[pri:0, instance:testCases.DriverScript@5e5792a0]" name="writeResults" is-config="true" duration-ms="0" started-at="2016-07-19T17:23:28Z" finished-at="2016-07-19T17:23:28Z">
          <params>
            <param index="0">
              <value>
                <![CDATA[[TestResult name=main status=SUCCESS method=DriverScript.main()[pri:0, instance:testCases.DriverScript@5e5792a0] output={null}]]]>
              </value>
            </param>
          </params>
          <reporter-output>
          </reporter-output>
        </test-method> <!-- writeResults -->
        <test-method status="PASS" signature="beforeScript()[pri:0, instance:testCases.DriverScript@5e5792a0]" name="beforeScript" is-config="true" duration-ms="4935" started-at="2016-07-19T17:23:28Z" finished-at="2016-07-19T17:23:33Z">
          <reporter-output>
          </reporter-output>
        </test-method> <!-- beforeScript -->
        <test-method status="PASS" signature="main()[pri:0, instance:testCases.DriverScript@5e5792a0]" name="main" duration-ms="9475" started-at="2016-07-19T17:23:33Z" finished-at="2016-07-19T17:23:42Z">
          <reporter-output>
          </reporter-output>
        </test-method> <!-- main -->
        <test-method status="PASS" signature="writeResults(org.testng.ITestResult)[pri:0, instance:testCases.DriverScript@5e5792a0]" name="writeResults" is-config="true" duration-ms="1" started-at="2016-07-19T17:23:42Z" finished-at="2016-07-19T17:23:42Z">
          <params>
            <param index="0">
              <value>
                <![CDATA[[TestResult name=main status=SUCCESS method=DriverScript.main()[pri:0, instance:testCases.DriverScript@5e5792a0] output={null}]]]>
              </value>
            </param>
          </params>
          <reporter-output>
          </reporter-output>
        </test-method> <!-- writeResults -->
        <test-method status="PASS" signature="beforeScript()[pri:0, instance:testCases.DriverScript@5e5792a0]" name="beforeScript" is-config="true" duration-ms="5306" started-at="2016-07-19T17:23:42Z" finished-at="2016-07-19T17:23:47Z">
          <reporter-output>
          </reporter-output>
        </test-method> <!-- beforeScript -->
        <test-method status="PASS" signature="main()[pri:0, instance:testCases.DriverScript@5e5792a0]" name="main" duration-ms="6392" started-at="2016-07-19T17:23:47Z" finished-at="2016-07-19T17:23:54Z">
          <reporter-output>
          </reporter-output>
        </test-method> <!-- main -->
        <test-method status="PASS" signature="writeResults(org.testng.ITestResult)[pri:0, instance:testCases.DriverScript@5e5792a0]" name="writeResults" is-config="true" duration-ms="0" started-at="2016-07-19T17:23:54Z" finished-at="2016-07-19T17:23:54Z">
          <params>
            <param index="0">
              <value>
                <![CDATA[[TestResult name=main status=SUCCESS method=DriverScript.main()[pri:0, instance:testCases.DriverScript@5e5792a0] output={null}]]]>
              </value>
            </param>
          </params>
          <reporter-output>
          </reporter-output>
        </test-method> <!-- writeResults -->
        <test-method status="PASS" signature="beforeScript()[pri:0, instance:testCases.DriverScript@5e5792a0]" name="beforeScript" is-config="true" duration-ms="6614" started-at="2016-07-19T17:23:54Z" finished-at="2016-07-19T17:24:00Z">
          <reporter-output>
          </reporter-output>
        </test-method> <!-- beforeScript -->
        <test-method status="FAIL" signature="main()[pri:0, instance:testCases.DriverScript@5e5792a0]" name="main" duration-ms="13474" started-at="2016-07-19T17:24:00Z" finished-at="2016-07-19T17:24:14Z">
          <exception class="org.openqa.selenium.NoSuchElementException">
            <message>
              <![CDATA[Unable to locate element: {"method":"id","selector":"ControlGroupSearchView_AvailabilitySearchInputSearchView_TextboxDepartureDate1"}
Command duration or timeout: 8.40 seconds
For documentation on this error, please visit: http://seleniumhq.org/exceptions/no_such_element.html
Build info: version: '2.53.0', revision: '35ae25b', time: '2016-03-15 16:57:40'
System info: host: 'MB-DAKS', ip: '192.168.3.133', os.name: 'Windows 10', os.arch: 'amd64', os.version: '10.0', java.version: '1.8.0_91'
Driver info: org.openqa.selenium.firefox.FirefoxDriver
Capabilities [{applicationCacheEnabled=true, rotatable=false, handlesAlerts=true, databaseEnabled=true, version=43.0.1, platform=WINDOWS, nativeEvents=false, acceptSslCerts=true, webStorageEnabled=true, locationContextEnabled=true, browserName=firefox, takesScreenshot=true, javascriptEnabled=true, cssSelectorsEnabled=true}]
Session ID: 9505a4f2-e277-41aa-85fa-01a3bb12f022
*** Element info: {Using=id, value=ControlGroupSearchView_AvailabilitySearchInputSearchView_TextboxDepartureDate1}]]>
            </message>
            <full-stacktrace>
              <![CDATA[org.openqa.selenium.NoSuchElementException: Unable to locate element: {"method":"id","selector":"ControlGroupSearchView_AvailabilitySearchInputSearchView_TextboxDepartureDate1"}
Command duration or timeout: 8.40 seconds
For documentation on this error, please visit: http://seleniumhq.org/exceptions/no_such_element.html
Build info: version: '2.53.0', revision: '35ae25b', time: '2016-03-15 16:57:40'
System info: host: 'MB-DAKS', ip: '192.168.3.133', os.name: 'Windows 10', os.arch: 'amd64', os.version: '10.0', java.version: '1.8.0_91'
Driver info: org.openqa.selenium.firefox.FirefoxDriver
Capabilities [{applicationCacheEnabled=true, rotatable=false, handlesAlerts=true, databaseEnabled=true, version=43.0.1, platform=WINDOWS, nativeEvents=false, acceptSslCerts=true, webStorageEnabled=true, locationContextEnabled=true, browserName=firefox, takesScreenshot=true, javascriptEnabled=true, cssSelectorsEnabled=true}]
Session ID: 9505a4f2-e277-41aa-85fa-01a3bb12f022
*** Element info: {Using=id, value=ControlGroupSearchView_AvailabilitySearchInputSearchView_TextboxDepartureDate1}
	at sun.reflect.NativeConstructorAccessorImpl.newInstance0(Native Method)
	at sun.reflect.NativeConstructorAccessorImpl.newInstance(Unknown Source)
	at sun.reflect.DelegatingConstructorAccessorImpl.newInstance(Unknown Source)
	at java.lang.reflect.Constructor.newInstance(Unknown Source)
	at org.openqa.selenium.remote.ErrorHandler.createThrowable(ErrorHandler.java:206)
	at org.openqa.selenium.remote.ErrorHandler.throwIfResponseFailed(ErrorHandler.java:158)
	at org.openqa.selenium.remote.RemoteWebDriver.execute(RemoteWebDriver.java:678)
	at org.openqa.selenium.remote.RemoteWebDriver.findElement(RemoteWebDriver.java:363)
	at org.openqa.selenium.remote.RemoteWebDriver.findElementById(RemoteWebDriver.java:413)
	at org.openqa.selenium.By$ById.findElement(By.java:218)
	at org.openqa.selenium.remote.RemoteWebDriver.findElement(RemoteWebDriver.java:355)
	at finalAutomation.SeleniumActionFunctions.sendKeysAction(SeleniumActionFunctions.java:31)
	at testCases.DriverScript.main(DriverScript.java:41)
	at sun.reflect.NativeMethodAccessorImpl.invoke0(Native Method)
	at sun.reflect.NativeMethodAccessorImpl.invoke(Unknown Source)
	at sun.reflect.DelegatingMethodAccessorImpl.invoke(Unknown Source)
	at java.lang.reflect.Method.invoke(Unknown Source)
	at org.testng.internal.MethodInvocationHelper.invokeMethod(MethodInvocationHelper.java:85)
	at org.testng.internal.Invoker.invokeMethod(Invoker.java:639)
	at org.testng.internal.Invoker.invokeTestMethod(Invoker.java:816)
	at org.testng.internal.Invoker.invokeTestMethods(Invoker.java:1124)
	at org.testng.internal.TestMethodWorker.invokeTestMethods(TestMethodWorker.java:125)
	at org.testng.internal.TestMethodWorker.run(TestMethodWorker.java:108)
	at org.testng.TestRunner.privateRun(TestRunner.java:774)
	at org.testng.TestRunner.run(TestRunner.java:624)
	at org.testng.SuiteRunner.runTest(SuiteRunner.java:359)
	at org.testng.SuiteRunner.runSequentially(SuiteRunner.java:354)
	at org.testng.SuiteRunner.privateRun(SuiteRunner.java:312)
	at org.testng.SuiteRunner.run(SuiteRunner.java:261)
	at org.testng.SuiteRunnerWorker.runSuite(SuiteRunnerWorker.java:52)
	at org.testng.SuiteRunnerWorker.run(SuiteRunnerWorker.java:86)
	at org.testng.TestNG.runSuitesSequentially(TestNG.java:1215)
	at org.testng.TestNG.runSuitesLocally(TestNG.java:1140)
	at org.testng.TestNG.run(TestNG.java:1048)
	at org.testng.remote.AbstractRemoteTestNG.run(AbstractRemoteTestNG.java:126)
	at org.testng.remote.RemoteTestNG.initAndRun(RemoteTestNG.java:137)
	at org.testng.remote.RemoteTestNG.main(RemoteTestNG.java:58)
Caused by: org.openqa.selenium.NoSuchElementException: Unable to locate element: {"method":"id","selector":"ControlGroupSearchView_AvailabilitySearchInputSearchView_TextboxDepartureDate1"}
For documentation on this error, please visit: http://seleniumhq.org/exceptions/no_such_element.html
Build info: version: '2.53.0', revision: '35ae25b', time: '2016-03-15 16:57:40'
System info: host: 'MB-DAKS', ip: '192.168.3.133', os.name: 'Windows 10', os.arch: 'amd64', os.version: '10.0', java.version: '1.8.0_91'
Driver info: driver.version: unknown
	at <anonymous class>.FirefoxDriver.prototype.findElementInternal_(file:///C:/Users/HP/AppData/Local/Temp/anonymous8694503077383969206webdriver-profile/extensions/fxdriver@googlecode.com/components/driver-component.js:10770)
	at <anonymous class>.FirefoxDriver.prototype.findElement(file:///C:/Users/HP/AppData/Local/Temp/anonymous8694503077383969206webdriver-profile/extensions/fxdriver@googlecode.com/components/driver-component.js:10779)
	at <anonymous class>.DelayedCommand.prototype.executeInternal_/h(file:///C:/Users/HP/AppData/Local/Temp/anonymous8694503077383969206webdriver-profile/extensions/fxdriver@googlecode.com/components/command-processor.js:12661)
	at <anonymous class>.DelayedCommand.prototype.executeInternal_(file:///C:/Users/HP/AppData/Local/Temp/anonymous8694503077383969206webdriver-profile/extensions/fxdriver@googlecode.com/components/command-processor.js:12666)
	at <anonymous class>.DelayedCommand.prototype.execute/<(file:///C:/Users/HP/AppData/Local/Temp/anonymous8694503077383969206webdriver-profile/extensions/fxdriver@googlecode.com/components/command-processor.js:12608)
]]>
            </full-stacktrace>
          </exception> <!-- org.openqa.selenium.NoSuchElementException -->
          <reporter-output>
          </reporter-output>
        </test-method> <!-- main -->
        <test-method status="PASS" signature="writeResults(org.testng.ITestResult)[pri:0, instance:testCases.DriverScript@5e5792a0]" name="writeResults" is-config="true" duration-ms="496" started-at="2016-07-19T17:24:14Z" finished-at="2016-07-19T17:24:14Z">
          <params>
            <param index="0">
              <value>
                <![CDATA[[TestResult name=main status=FAILURE method=DriverScript.main()[pri:0, instance:testCases.DriverScript@5e5792a0] output={null}]]]>
              </value>
            </param>
          </params>
          <reporter-output>
          </reporter-output>
        </test-method> <!-- writeResults -->
        <test-method status="PASS" signature="beforeScript()[pri:0, instance:testCases.DriverScript@5e5792a0]" name="beforeScript" is-config="true" duration-ms="4015" started-at="2016-07-19T17:24:14Z" finished-at="2016-07-19T17:24:18Z">
          <reporter-output>
          </reporter-output>
        </test-method> <!-- beforeScript -->
        <test-method status="FAIL" signature="main()[pri:0, instance:testCases.DriverScript@5e5792a0]" name="main" duration-ms="9768" started-at="2016-07-19T17:24:18Z" finished-at="2016-07-19T17:24:28Z">
          <exception class="org.openqa.selenium.NoSuchElementException">
            <message>
              <![CDATA[Unable to locate element: {"method":"id","selector":"ControlGroupSearchView_AvailabilitySearchInputSearchView_TextboxDepartureDate1"}
Command duration or timeout: 5.38 seconds
For documentation on this error, please visit: http://seleniumhq.org/exceptions/no_such_element.html
Build info: version: '2.53.0', revision: '35ae25b', time: '2016-03-15 16:57:40'
System info: host: 'MB-DAKS', ip: '192.168.3.133', os.name: 'Windows 10', os.arch: 'amd64', os.version: '10.0', java.version: '1.8.0_91'
Driver info: org.openqa.selenium.firefox.FirefoxDriver
Capabilities [{applicationCacheEnabled=true, rotatable=false, handlesAlerts=true, databaseEnabled=true, version=43.0.1, platform=WINDOWS, nativeEvents=false, acceptSslCerts=true, webStorageEnabled=true, locationContextEnabled=true, browserName=firefox, takesScreenshot=true, javascriptEnabled=true, cssSelectorsEnabled=true}]
Session ID: 9505a4f2-e277-41aa-85fa-01a3bb12f022
*** Element info: {Using=id, value=ControlGroupSearchView_AvailabilitySearchInputSearchView_TextboxDepartureDate1}]]>
            </message>
            <full-stacktrace>
              <![CDATA[org.openqa.selenium.NoSuchElementException: Unable to locate element: {"method":"id","selector":"ControlGroupSearchView_AvailabilitySearchInputSearchView_TextboxDepartureDate1"}
Command duration or timeout: 5.38 seconds
For documentation on this error, please visit: http://seleniumhq.org/exceptions/no_such_element.html
Build info: version: '2.53.0', revision: '35ae25b', time: '2016-03-15 16:57:40'
System info: host: 'MB-DAKS', ip: '192.168.3.133', os.name: 'Windows 10', os.arch: 'amd64', os.version: '10.0', java.version: '1.8.0_91'
Driver info: org.openqa.selenium.firefox.FirefoxDriver
Capabilities [{applicationCacheEnabled=true, rotatable=false, handlesAlerts=true, databaseEnabled=true, version=43.0.1, platform=WINDOWS, nativeEvents=false, acceptSslCerts=true, webStorageEnabled=true, locationContextEnabled=true, browserName=firefox, takesScreenshot=true, javascriptEnabled=true, cssSelectorsEnabled=true}]
Session ID: 9505a4f2-e277-41aa-85fa-01a3bb12f022
*** Element info: {Using=id, value=ControlGroupSearchView_AvailabilitySearchInputSearchView_TextboxDepartureDate1}
	at sun.reflect.NativeConstructorAccessorImpl.newInstance0(Native Method)
	at sun.reflect.NativeConstructorAccessorImpl.newInstance(Unknown Source)
	at sun.reflect.DelegatingConstructorAccessorImpl.newInstance(Unknown Source)
	at java.lang.reflect.Constructor.newInstance(Unknown Source)
	at org.openqa.selenium.remote.ErrorHandler.createThrowable(ErrorHandler.java:206)
	at org.openqa.selenium.remote.ErrorHandler.throwIfResponseFailed(ErrorHandler.java:158)
	at org.openqa.selenium.remote.RemoteWebDriver.execute(RemoteWebDriver.java:678)
	at org.openqa.selenium.remote.RemoteWebDriver.findElement(RemoteWebDriver.java:363)
	at org.openqa.selenium.remote.RemoteWebDriver.findElementById(RemoteWebDriver.java:413)
	at org.openqa.selenium.By$ById.findElement(By.java:218)
	at org.openqa.selenium.remote.RemoteWebDriver.findElement(RemoteWebDriver.java:355)
	at finalAutomation.SeleniumActionFunctions.sendKeysAction(SeleniumActionFunctions.java:31)
	at testCases.DriverScript.main(DriverScript.java:41)
	at sun.reflect.NativeMethodAccessorImpl.invoke0(Native Method)
	at sun.reflect.NativeMethodAccessorImpl.invoke(Unknown Source)
	at sun.reflect.DelegatingMethodAccessorImpl.invoke(Unknown Source)
	at java.lang.reflect.Method.invoke(Unknown Source)
	at org.testng.internal.MethodInvocationHelper.invokeMethod(MethodInvocationHelper.java:85)
	at org.testng.internal.Invoker.invokeMethod(Invoker.java:639)
	at org.testng.internal.Invoker.invokeTestMethod(Invoker.java:816)
	at org.testng.internal.Invoker.invokeTestMethods(Invoker.java:1124)
	at org.testng.internal.TestMethodWorker.invokeTestMethods(TestMethodWorker.java:125)
	at org.testng.internal.TestMethodWorker.run(TestMethodWorker.java:108)
	at org.testng.TestRunner.privateRun(TestRunner.java:774)
	at org.testng.TestRunner.run(TestRunner.java:624)
	at org.testng.SuiteRunner.runTest(SuiteRunner.java:359)
	at org.testng.SuiteRunner.runSequentially(SuiteRunner.java:354)
	at org.testng.SuiteRunner.privateRun(SuiteRunner.java:312)
	at org.testng.SuiteRunner.run(SuiteRunner.java:261)
	at org.testng.SuiteRunnerWorker.runSuite(SuiteRunnerWorker.java:52)
	at org.testng.SuiteRunnerWorker.run(SuiteRunnerWorker.java:86)
	at org.testng.TestNG.runSuitesSequentially(TestNG.java:1215)
	at org.testng.TestNG.runSuitesLocally(TestNG.java:1140)
	at org.testng.TestNG.run(TestNG.java:1048)
	at org.testng.remote.AbstractRemoteTestNG.run(AbstractRemoteTestNG.java:126)
	at org.testng.remote.RemoteTestNG.initAndRun(RemoteTestNG.java:137)
	at org.testng.remote.RemoteTestNG.main(RemoteTestNG.java:58)
Caused by: org.openqa.selenium.NoSuchElementException: Unable to locate element: {"method":"id","selector":"ControlGroupSearchView_AvailabilitySearchInputSearchView_TextboxDepartureDate1"}
For documentation on this error, please visit: http://seleniumhq.org/exceptions/no_such_element.html
Build info: version: '2.53.0', revision: '35ae25b', time: '2016-03-15 16:57:40'
System info: host: 'MB-DAKS', ip: '192.168.3.133', os.name: 'Windows 10', os.arch: 'amd64', os.version: '10.0', java.version: '1.8.0_91'
Driver info: driver.version: unknown
	at <anonymous class>.FirefoxDriver.prototype.findElementInternal_(file:///C:/Users/HP/AppData/Local/Temp/anonymous8694503077383969206webdriver-profile/extensions/fxdriver@googlecode.com/components/driver-component.js:10770)
	at <anonymous class>.FirefoxDriver.prototype.findElement(file:///C:/Users/HP/AppData/Local/Temp/anonymous8694503077383969206webdriver-profile/extensions/fxdriver@googlecode.com/components/driver-component.js:10779)
	at <anonymous class>.DelayedCommand.prototype.executeInternal_/h(file:///C:/Users/HP/AppData/Local/Temp/anonymous8694503077383969206webdriver-profile/extensions/fxdriver@googlecode.com/components/command-processor.js:12661)
	at <anonymous class>.DelayedCommand.prototype.executeInternal_(file:///C:/Users/HP/AppData/Local/Temp/anonymous8694503077383969206webdriver-profile/extensions/fxdriver@googlecode.com/components/command-processor.js:12666)
	at <anonymous class>.DelayedCommand.prototype.execute/<(file:///C:/Users/HP/AppData/Local/Temp/anonymous8694503077383969206webdriver-profile/extensions/fxdriver@googlecode.com/components/command-processor.js:12608)
]]>
            </full-stacktrace>
          </exception> <!-- org.openqa.selenium.NoSuchElementException -->
          <reporter-output>
          </reporter-output>
        </test-method> <!-- main -->
        <test-method status="PASS" signature="writeResults(org.testng.ITestResult)[pri:0, instance:testCases.DriverScript@5e5792a0]" name="writeResults" is-config="true" duration-ms="220" started-at="2016-07-19T17:24:28Z" finished-at="2016-07-19T17:24:28Z">
          <params>
            <param index="0">
              <value>
                <![CDATA[[TestResult name=main status=FAILURE method=DriverScript.main()[pri:0, instance:testCases.DriverScript@5e5792a0] output={null}]]]>
              </value>
            </param>
          </params>
          <reporter-output>
          </reporter-output>
        </test-method> <!-- writeResults -->
        <test-method status="PASS" signature="afterScript()[pri:0, instance:testCases.DriverScript@5e5792a0]" name="afterScript" is-config="true" duration-ms="1789" started-at="2016-07-19T17:24:28Z" finished-at="2016-07-19T17:24:30Z">
          <reporter-output>
          </reporter-output>
        </test-method> <!-- afterScript -->
        <test-method status="PASS" signature="setupAfterSuite()[pri:0, instance:testCases.DriverScript@5e5792a0]" name="setupAfterSuite" is-config="true" duration-ms="5432" started-at="2016-07-19T17:24:30Z" finished-at="2016-07-19T17:24:36Z">
          <reporter-output>
          </reporter-output>
        </test-method> <!-- setupAfterSuite -->
      </class> <!-- testCases.DriverScript -->
    </test> <!-- Default test -->
  </suite> <!-- Default suite -->
</testng-results>
