<?xml version="1.0" encoding="UTF-8"?>
<testng-results skipped="0" failed="0" total="10" passed="10">
  <reporter-output>
  </reporter-output>
  <suite name="Default suite" duration-ms="148759" started-at="2016-07-20T10:58:14Z" finished-at="2016-07-20T11:00:43Z">
    <groups>
    </groups>
    <test name="Default test" duration-ms="148759" started-at="2016-07-20T10:58:14Z" finished-at="2016-07-20T11:00:43Z">
      <class name="testCases.DriverScript">
        <test-method status="PASS" signature="createResultSheet()[pri:0, instance:testCases.DriverScript@5e5792a0]" name="createResultSheet" is-config="true" duration-ms="6666" started-at="2016-07-20T16:28:07Z" finished-at="2016-07-20T16:28:14Z">
          <reporter-output>
          </reporter-output>
        </test-method> <!-- createResultSheet -->
        <test-method status="PASS" signature="beforeScript()[pri:0, instance:testCases.DriverScript@5e5792a0]" name="beforeScript" is-config="true" duration-ms="18437" started-at="2016-07-20T16:28:14Z" finished-at="2016-07-20T16:28:32Z">
          <reporter-output>
          </reporter-output>
        </test-method> <!-- beforeScript -->
        <test-method status="PASS" signature="main()[pri:0, instance:testCases.DriverScript@5e5792a0]" name="main" duration-ms="18711" started-at="2016-07-20T16:28:32Z" finished-at="2016-07-20T16:28:51Z">
          <reporter-output>
          </reporter-output>
        </test-method> <!-- main -->
        <test-method status="PASS" signature="writeResults(org.testng.ITestResult)[pri:0, instance:testCases.DriverScript@5e5792a0]" name="writeResults" is-config="true" duration-ms="2" started-at="2016-07-20T16:28:51Z" finished-at="2016-07-20T16:28:51Z">
          <params>
            <param index="0">
              <value>
                <![CDATA[[TestResult name=main status=SUCCESS method=DriverScript.main()[pri:0, instance:testCases.DriverScript@5e5792a0] output={null}]]]>
              </value>
            </param>
          </params>
          <reporter-output>
          </reporter-output>
        </test-method> <!-- writeResults -->
        <test-method status="PASS" signature="beforeScript()[pri:0, instance:testCases.DriverScript@5e5792a0]" name="beforeScript" is-config="true" duration-ms="5919" started-at="2016-07-20T16:28:51Z" finished-at="2016-07-20T16:28:57Z">
          <reporter-output>
          </reporter-output>
        </test-method> <!-- beforeScript -->
        <test-method status="PASS" signature="main()[pri:0, instance:testCases.DriverScript@5e5792a0]" name="main" duration-ms="7708" started-at="2016-07-20T16:28:57Z" finished-at="2016-07-20T16:29:05Z">
          <reporter-output>
          </reporter-output>
        </test-method> <!-- main -->
        <test-method status="PASS" signature="writeResults(org.testng.ITestResult)[pri:0, instance:testCases.DriverScript@5e5792a0]" name="writeResults" is-config="true" duration-ms="2" started-at="2016-07-20T16:29:05Z" finished-at="2016-07-20T16:29:05Z">
          <params>
            <param index="0">
              <value>
                <![CDATA[[TestResult name=main status=SUCCESS method=DriverScript.main()[pri:0, instance:testCases.DriverScript@5e5792a0] output={null}]]]>
              </value>
            </param>
          </params>
          <reporter-output>
          </reporter-output>
        </test-method> <!-- writeResults -->
        <test-method status="PASS" signature="beforeScript()[pri:0, instance:testCases.DriverScript@5e5792a0]" name="beforeScript" is-config="true" duration-ms="3663" started-at="2016-07-20T16:29:05Z" finished-at="2016-07-20T16:29:08Z">
          <reporter-output>
          </reporter-output>
        </test-method> <!-- beforeScript -->
        <test-method status="PASS" signature="main()[pri:0, instance:testCases.DriverScript@5e5792a0]" name="main" duration-ms="7606" started-at="2016-07-20T16:29:08Z" finished-at="2016-07-20T16:29:16Z">
          <reporter-output>
          </reporter-output>
        </test-method> <!-- main -->
        <test-method status="PASS" signature="writeResults(org.testng.ITestResult)[pri:0, instance:testCases.DriverScript@5e5792a0]" name="writeResults" is-config="true" duration-ms="1" started-at="2016-07-20T16:29:16Z" finished-at="2016-07-20T16:29:16Z">
          <params>
            <param index="0">
              <value>
                <![CDATA[[TestResult name=main status=SUCCESS method=DriverScript.main()[pri:0, instance:testCases.DriverScript@5e5792a0] output={null}]]]>
              </value>
            </param>
          </params>
          <reporter-output>
          </reporter-output>
        </test-method> <!-- writeResults -->
        <test-method status="PASS" signature="beforeScript()[pri:0, instance:testCases.DriverScript@5e5792a0]" name="beforeScript" is-config="true" duration-ms="5248" started-at="2016-07-20T16:29:16Z" finished-at="2016-07-20T16:29:21Z">
          <reporter-output>
          </reporter-output>
        </test-method> <!-- beforeScript -->
        <test-method status="PASS" signature="main()[pri:0, instance:testCases.DriverScript@5e5792a0]" name="main" duration-ms="7466" started-at="2016-07-20T16:29:21Z" finished-at="2016-07-20T16:29:29Z">
          <reporter-output>
          </reporter-output>
        </test-method> <!-- main -->
        <test-method status="PASS" signature="writeResults(org.testng.ITestResult)[pri:0, instance:testCases.DriverScript@5e5792a0]" name="writeResults" is-config="true" duration-ms="0" started-at="2016-07-20T16:29:29Z" finished-at="2016-07-20T16:29:29Z">
          <params>
            <param index="0">
              <value>
                <![CDATA[[TestResult name=main status=SUCCESS method=DriverScript.main()[pri:0, instance:testCases.DriverScript@5e5792a0] output={null}]]]>
              </value>
            </param>
          </params>
          <reporter-output>
          </reporter-output>
        </test-method> <!-- writeResults -->
        <test-method status="PASS" signature="beforeScript()[pri:0, instance:testCases.DriverScript@5e5792a0]" name="beforeScript" is-config="true" duration-ms="3850" started-at="2016-07-20T16:29:29Z" finished-at="2016-07-20T16:29:32Z">
          <reporter-output>
          </reporter-output>
        </test-method> <!-- beforeScript -->
        <test-method status="PASS" signature="main()[pri:0, instance:testCases.DriverScript@5e5792a0]" name="main" duration-ms="16658" started-at="2016-07-20T16:29:32Z" finished-at="2016-07-20T16:29:49Z">
          <reporter-output>
          </reporter-output>
        </test-method> <!-- main -->
        <test-method status="PASS" signature="writeResults(org.testng.ITestResult)[pri:0, instance:testCases.DriverScript@5e5792a0]" name="writeResults" is-config="true" duration-ms="0" started-at="2016-07-20T16:29:49Z" finished-at="2016-07-20T16:29:49Z">
          <params>
            <param index="0">
              <value>
                <![CDATA[[TestResult name=main status=SUCCESS method=DriverScript.main()[pri:0, instance:testCases.DriverScript@5e5792a0] output={null}]]]>
              </value>
            </param>
          </params>
          <reporter-output>
          </reporter-output>
        </test-method> <!-- writeResults -->
        <test-method status="PASS" signature="beforeScript()[pri:0, instance:testCases.DriverScript@5e5792a0]" name="beforeScript" is-config="true" duration-ms="4072" started-at="2016-07-20T16:29:49Z" finished-at="2016-07-20T16:29:53Z">
          <reporter-output>
          </reporter-output>
        </test-method> <!-- beforeScript -->
        <test-method status="PASS" signature="main()[pri:0, instance:testCases.DriverScript@5e5792a0]" name="main" duration-ms="5567" started-at="2016-07-20T16:29:53Z" finished-at="2016-07-20T16:29:59Z">
          <reporter-output>
          </reporter-output>
        </test-method> <!-- main -->
        <test-method status="PASS" signature="writeResults(org.testng.ITestResult)[pri:0, instance:testCases.DriverScript@5e5792a0]" name="writeResults" is-config="true" duration-ms="1" started-at="2016-07-20T16:29:59Z" finished-at="2016-07-20T16:29:59Z">
          <params>
            <param index="0">
              <value>
                <![CDATA[[TestResult name=main status=SUCCESS method=DriverScript.main()[pri:0, instance:testCases.DriverScript@5e5792a0] output={null}]]]>
              </value>
            </param>
          </params>
          <reporter-output>
          </reporter-output>
        </test-method> <!-- writeResults -->
        <test-method status="PASS" signature="beforeScript()[pri:0, instance:testCases.DriverScript@5e5792a0]" name="beforeScript" is-config="true" duration-ms="4051" started-at="2016-07-20T16:29:59Z" finished-at="2016-07-20T16:30:03Z">
          <reporter-output>
          </reporter-output>
        </test-method> <!-- beforeScript -->
        <test-method status="PASS" signature="main()[pri:0, instance:testCases.DriverScript@5e5792a0]" name="main" duration-ms="7496" started-at="2016-07-20T16:30:03Z" finished-at="2016-07-20T16:30:10Z">
          <reporter-output>
          </reporter-output>
        </test-method> <!-- main -->
        <test-method status="PASS" signature="writeResults(org.testng.ITestResult)[pri:0, instance:testCases.DriverScript@5e5792a0]" name="writeResults" is-config="true" duration-ms="1" started-at="2016-07-20T16:30:10Z" finished-at="2016-07-20T16:30:10Z">
          <params>
            <param index="0">
              <value>
                <![CDATA[[TestResult name=main status=SUCCESS method=DriverScript.main()[pri:0, instance:testCases.DriverScript@5e5792a0] output={null}]]]>
              </value>
            </param>
          </params>
          <reporter-output>
          </reporter-output>
        </test-method> <!-- writeResults -->
        <test-method status="PASS" signature="beforeScript()[pri:0, instance:testCases.DriverScript@5e5792a0]" name="beforeScript" is-config="true" duration-ms="4161" started-at="2016-07-20T16:30:10Z" finished-at="2016-07-20T16:30:14Z">
          <reporter-output>
          </reporter-output>
        </test-method> <!-- beforeScript -->
        <test-method status="PASS" signature="main()[pri:0, instance:testCases.DriverScript@5e5792a0]" name="main" duration-ms="6117" started-at="2016-07-20T16:30:14Z" finished-at="2016-07-20T16:30:21Z">
          <reporter-output>
          </reporter-output>
        </test-method> <!-- main -->
        <test-method status="PASS" signature="beforeScript()[pri:0, instance:testCases.DriverScript@5e5792a0]" name="beforeScript" is-config="true" duration-ms="4030" started-at="2016-07-20T16:30:21Z" finished-at="2016-07-20T16:30:25Z">
          <reporter-output>
          </reporter-output>
        </test-method> <!-- beforeScript -->
        <test-method status="PASS" signature="writeResults(org.testng.ITestResult)[pri:0, instance:testCases.DriverScript@5e5792a0]" name="writeResults" is-config="true" duration-ms="0" started-at="2016-07-20T16:30:21Z" finished-at="2016-07-20T16:30:21Z">
          <params>
            <param index="0">
              <value>
                <![CDATA[[TestResult name=main status=SUCCESS method=DriverScript.main()[pri:0, instance:testCases.DriverScript@5e5792a0] output={null}]]]>
              </value>
            </param>
          </params>
          <reporter-output>
          </reporter-output>
        </test-method> <!-- writeResults -->
        <test-method status="PASS" signature="main()[pri:0, instance:testCases.DriverScript@5e5792a0]" name="main" duration-ms="8059" started-at="2016-07-20T16:30:25Z" finished-at="2016-07-20T16:30:33Z">
          <reporter-output>
          </reporter-output>
        </test-method> <!-- main -->
        <test-method status="PASS" signature="writeResults(org.testng.ITestResult)[pri:0, instance:testCases.DriverScript@5e5792a0]" name="writeResults" is-config="true" duration-ms="0" started-at="2016-07-20T16:30:33Z" finished-at="2016-07-20T16:30:33Z">
          <params>
            <param index="0">
              <value>
                <![CDATA[[TestResult name=main status=SUCCESS method=DriverScript.main()[pri:0, instance:testCases.DriverScript@5e5792a0] output={null}]]]>
              </value>
            </param>
          </params>
          <reporter-output>
          </reporter-output>
        </test-method> <!-- writeResults -->
        <test-method status="PASS" signature="beforeScript()[pri:0, instance:testCases.DriverScript@5e5792a0]" name="beforeScript" is-config="true" duration-ms="3493" started-at="2016-07-20T16:30:33Z" finished-at="2016-07-20T16:30:36Z">
          <reporter-output>
          </reporter-output>
        </test-method> <!-- beforeScript -->
        <test-method status="PASS" signature="main()[pri:0, instance:testCases.DriverScript@5e5792a0]" name="main" duration-ms="5160" started-at="2016-07-20T16:30:36Z" finished-at="2016-07-20T16:30:41Z">
          <reporter-output>
          </reporter-output>
        </test-method> <!-- main -->
        <test-method status="PASS" signature="writeResults(org.testng.ITestResult)[pri:0, instance:testCases.DriverScript@5e5792a0]" name="writeResults" is-config="true" duration-ms="1" started-at="2016-07-20T16:30:41Z" finished-at="2016-07-20T16:30:41Z">
          <params>
            <param index="0">
              <value>
                <![CDATA[[TestResult name=main status=SUCCESS method=DriverScript.main()[pri:0, instance:testCases.DriverScript@5e5792a0] output={null}]]]>
              </value>
            </param>
          </params>
          <reporter-output>
          </reporter-output>
        </test-method> <!-- writeResults -->
        <test-method status="PASS" signature="afterScript()[pri:0, instance:testCases.DriverScript@5e5792a0]" name="afterScript" is-config="true" duration-ms="1239" started-at="2016-07-20T16:30:41Z" finished-at="2016-07-20T16:30:43Z">
          <reporter-output>
          </reporter-output>
        </test-method> <!-- afterScript -->
        <test-method status="PASS" signature="setupAfterSuite()[pri:0, instance:testCases.DriverScript@5e5792a0]" name="setupAfterSuite" is-config="true" duration-ms="10739" started-at="2016-07-20T16:30:43Z" finished-at="2016-07-20T16:30:53Z">
          <reporter-output>
          </reporter-output>
        </test-method> <!-- setupAfterSuite -->
      </class> <!-- testCases.DriverScript -->
    </test> <!-- Default test -->
  </suite> <!-- Default suite -->
</testng-results>
