<?xml version="1.0" encoding="UTF-8"?>
<!-- Generated by org.testng.reporters.JUnitReportReporter -->
<testsuite hostname="MB-DAKS" name="testCases.DriverScript" tests="10" failures="0" timestamp="20 Jul 2016 11:00:53 GMT" time="147.480" errors="0">
  <testcase name="main" time="22.785" classname="testCases.DriverScript"/>
  <testcase name="main" time="12.221" classname="testCases.DriverScript"/>
  <testcase name="main" time="20.508" classname="testCases.DriverScript"/>
  <testcase name="main" time="11.638" classname="testCases.DriverScript"/>
  <testcase name="main" time="13.627" classname="testCases.DriverScript"/>
  <testcase name="main" time="12.714" classname="testCases.DriverScript"/>
  <testcase name="main" time="25.934" classname="testCases.DriverScript"/>
  <testcase name="main" time="8.823" classname="testCases.DriverScript"/>
  <testcase name="main" time="9.611" classname="testCases.DriverScript"/>
  <testcase name="main" time="9.619" classname="testCases.DriverScript"/>
</testsuite> <!-- testCases.DriverScript -->
