<?xml version="1.0" encoding="UTF-8"?>
<!-- Generated by org.testng.reporters.JUnitReportReporter -->
<testsuite hostname="MB-DAKS" name="finalAutomationFramework.TestCase1" tests="10" failures="0" timestamp="18 Jul 2016 06:59:02 GMT" time="130.780" errors="0">
  <testcase name="main" time="13.388" classname="finalAutomationFramework.TestCase1"/>
  <testcase name="main" time="13.254" classname="finalAutomationFramework.TestCase1"/>
  <testcase name="main" time="9.926" classname="finalAutomationFramework.TestCase1"/>
  <testcase name="main" time="12.489" classname="finalAutomationFramework.TestCase1"/>
  <testcase name="main" time="11.617" classname="finalAutomationFramework.TestCase1"/>
  <testcase name="main" time="16.856" classname="finalAutomationFramework.TestCase1"/>
  <testcase name="main" time="12.013" classname="finalAutomationFramework.TestCase1"/>
  <testcase name="main" time="19.215" classname="finalAutomationFramework.TestCase1"/>
  <testcase name="main" time="11.720" classname="finalAutomationFramework.TestCase1"/>
  <testcase name="main" time="10.302" classname="finalAutomationFramework.TestCase1"/>
</testsuite> <!-- finalAutomationFramework.TestCase1 -->
